91
-25 -18 -0.17597694702324
-34 -46
9 -2
50 38
47 12
-29 -39
-20 -47
-48 -42
25 -44
-29 32
30 -2
-9 -10
22 -2
46 44
-29 -1
7 -8
48 13
23 -16
45 24
-22 35
10 5
-6 19
27 33
-30 12
-2 -43
19 10
-10 -32
0 -17
16 12
-43 42
1 4
33 -43
40 -29
-9 29
17 -37
-48 35
24 45
-35 -35
28 35
39 -26
6 -48
15 36
43 -36
-14 3
-33 -10
16 -40
35 -13
33 -16
28 -36
27 29
-42 -40
-21 -32
-19 42
-21 -37
-36 -41
-45 2
-26 -33
49 31
-12 18
14 -2
-40 -42
45 -24
-17 39
31 30
-18 -20
-16 -4
-50 -21
-13 -34
15 -18
-18 22
-42 13
-38 44
-5 4
46 23
22 -36
-16 7
25 -8
7 37
38 -33
5 -36
-2 -24
-1 -21
-7 40
32 -2
-8 17
-22 -37
-42 -38
-9 44
33 18
34 -20
41 24
18 -47